\BOOKMARK [0][-]{chapter.1}{\376\377\000C\000a\000p\000i\000t\000u\000l\000o\000\040\0001}{}% 1
\BOOKMARK [1][-]{section.1.1}{\376\377\0001\000.\0001\000\040\000y\000\040\000d\000e\000m\000a\000s}{chapter.1}% 2
\BOOKMARK [1][-]{section.1.2}{\376\377\000T\000a\000r\000e\000a\000\040\0001}{chapter.1}% 3
\BOOKMARK [1][-]{section.1.3}{\376\377\000A\000p\000\351\000n\000d\000i\000c\000e\000\040\000A}{chapter.1}% 4
\BOOKMARK [1][-]{section.1.4}{\376\377\000A\000p\000\351\000n\000d\000i\000c\000e\000\040\000B}{chapter.1}% 5
\BOOKMARK [1][-]{section.1.5}{\376\377\000A\000p\000\351\000n\000d\000i\000c\000e\000\040\000C}{chapter.1}% 6
\BOOKMARK [0][-]{chapter.2}{\376\377\000B\000a\000l\000a\000n\000c\000e\000s\000\040\000D\000i\000f\000e\000r\000e\000n\000c\000i\000a\000l\000e\000s}{}% 7
\BOOKMARK [1][-]{section.2.1}{\376\377\000D\000i\000f\000u\000s\000i\000\363\000n\000\040\000e\000n\000\040\000m\000e\000d\000i\000o\000s\000\040\000e\000s\000t\000a\000c\000i\000o\000n\000a\000r\000i\000o\000s}{chapter.2}% 8
\BOOKMARK [2][-]{subsection.2.1.1}{\376\377\000M\000o\000d\000e\000l\000o\000\040\000d\000e\000\040\000l\000a\000\040\000p\000e\000l\000\355\000c\000u\000l\000a\000\040\000e\000n\000\040\000t\000r\000a\000n\000s\000f\000e\000r\000e\000n\000c\000i\000a\000\040\000d\000e\000\040\000m\000a\000s\000a}{section.2.1}% 9
\BOOKMARK [2][-]{subsection.2.1.2}{\376\377\000D\000i\000f\000u\000s\000i\000\363\000n\000\040\000c\000o\000n\000\040\000i\000n\000t\000e\000r\000f\000a\000s\000e\000\040\000m\000o\000v\000i\000b\000l\000e}{section.2.1}% 10
\BOOKMARK [2][-]{subsection.2.1.3}{\376\377\000D\000e\000t\000e\000r\000m\000i\000n\000a\000c\000i\000\363\000n\000\040\000d\000e\000\040\000l\000a\000\040\000d\000i\000f\000u\000s\000i\000v\000i\000d\000a\000d}{section.2.1}% 11
\BOOKMARK [1][-]{section.2.2}{\376\377\000D\000i\000f\000u\000s\000i\000\363\000n\000-\000C\000o\000n\000v\000e\000c\000c\000i\000\363\000n\000\040\000d\000e\000\040\000m\000a\000s\000a}{chapter.2}% 12
\BOOKMARK [2][-]{subsection.2.2.1}{\376\377\000C\000o\000n\000v\000e\000c\000c\000i\000\363\000n\000\040\000f\000o\000r\000z\000a\000d\000a\000.\000\040\000A\000b\000s\000o\000r\000c\000i\000\363\000n\000\040\000d\000e\000\040\000g\000a\000s\000\040\000A\000\040\000e\000n\000\040\000u\000n\000a\000\040\000p\000e\000l\000\355\000c\000u\000l\000a\000\040\000d\000e\000s\000c\000e\000n\000d\000e\000n\000t\000e\000\040\000d\000e\000\040\000l\000\355\000q\000u\000i\000d\000o\000\040\000B}{section.2.2}% 13
\BOOKMARK [2][-]{subsection.2.2.2}{\376\377\000D\000i\000s\000o\000l\000u\000c\000i\000\363\000n\000\040\000d\000e\000\040\000s\000\363\000l\000i\000d\000o\000s\000\040\000e\000n\000\040\000u\000n\000a\000\040\000p\000e\000l\000\355\000c\000u\000l\000a\000\040\000d\000e\000s\000c\000e\000n\000d\000e\000n\000t\000e}{section.2.2}% 14
\BOOKMARK [2][-]{subsection.2.2.3}{\376\377\000P\000e\000r\000f\000i\000l\000\040\000d\000e\000\040\000c\000o\000n\000c\000e\000n\000t\000r\000a\000c\000i\000\363\000n\000\040\000e\000n\000\040\000u\000n\000\040\000r\000e\000a\000c\000t\000o\000r\000\040\000t\000u\000b\000u\000l\000a\000r}{section.2.2}% 15
\BOOKMARK [2][-]{subsection.2.2.4}{\376\377\000D\000i\000f\000u\000s\000i\000\363\000n\000\040\000c\000o\000n\000\040\000r\000e\000a\000c\000c\000i\000\363\000n\000\040\000q\000u\000\355\000m\000i\000c\000a\000\040\000h\000o\000m\000o\000g\000\351\000n\000e\000a}{section.2.2}% 16
\BOOKMARK [2][-]{subsection.2.2.5}{\376\377\000A\000b\000s\000o\000r\000c\000i\000\363\000n\000\040\000d\000e\000\040\000g\000a\000s\000\040\000c\000o\000n\000\040\000r\000e\000a\000c\000c\000i\000\363\000n\000\040\000q\000u\000\355\000m\000i\000c\000a\000\040\000e\000n\000\040\000u\000n\000\040\000t\000a\000n\000q\000u\000e\000\040\000d\000e\000\040\000a\000g\000i\000t\000a\000c\000i\000\363\000n}{section.2.2}% 17
\BOOKMARK [2][-]{subsection.2.2.6}{\376\377\000D\000i\000f\000u\000s\000i\000\363\000n\000\040\000c\000o\000n\000\040\000r\000e\000a\000c\000c\000i\000\363\000n\000\040\000q\000u\000\355\000m\000i\000c\000a\000\040\000h\000e\000t\000e\000r\000o\000g\000\351\000n\000e\000a}{section.2.2}% 18
\BOOKMARK [2][-]{subsection.2.2.7}{\376\377\000D\000i\000f\000u\000s\000i\000\363\000n\000\040\000c\000o\000n\000\040\000r\000e\000a\000c\000c\000i\000\363\000n\000\040\000h\000e\000t\000e\000r\000o\000g\000\351\000n\000e\000a\000\040\000l\000e\000n\000t\000a}{section.2.2}% 19
\BOOKMARK [2][-]{subsection.2.2.8}{\376\377\000D\000i\000f\000u\000s\000i\000\363\000n\000\040\000c\000o\000n\000\040\000r\000e\000a\000c\000c\000i\000\363\000n\000\040\000q\000u\000\355\000m\000i\000c\000a\000\040\000e\000n\000\040\000m\000e\000d\000i\000o\000s\000\040\000p\000o\000r\000o\000s\000o\000s}{section.2.2}% 20
\BOOKMARK [2][-]{subsection.2.2.9}{\376\377\000A\000p\000\351\000n\000d\000i\000c\000e\000\040\000A}{section.2.2}% 21
\BOOKMARK [0][-]{chapter.3}{\376\377\000C\000a\000p\000\355\000t\000u\000l\000o\000\040\0003}{}% 22
\BOOKMARK [1][-]{section.3.1}{\376\377\000C\000a\000p\000a\000\040\000l\000\355\000m\000i\000t\000e\000\040\000b\000i\000n\000a\000r\000i\000a}{chapter.3}% 23
\BOOKMARK [1][-]{section.3.2}{\376\377\000C\000o\000n\000v\000e\000c\000c\000i\000\363\000n\000\040\000f\000o\000r\000z\000a\000d\000a\000\040\000c\000o\000n\000.\000.\000.}{chapter.3}% 24
\BOOKMARK [2][-]{subsection.3.2.1}{\376\377\000F\000l\000u\000j\000o\000\040\000T\000u\000r\000b\000u\000l\000e\000n\000t\000o\000\040\000c\000o\000n\000\040\000R\000e\000a\000c\000c\000i\000\363\000n\000\040\000d\000e\000\040\000S\000e\000g\000u\000n\000d\000o\000\040\000O\000r\000d\000e\000n\000.\000\040\000M\000e\000z\000c\000l\000a\000d\000o\000\040\000T\000u\000r\000b\000u\000l\000e\000n\000t\000o}{section.3.2}% 25
