This is pdfTeX, Version 3.141592653-2.6-1.40.24 (TeX Live 2022/Debian) (preloaded format=pdflatex 2025.1.29)  5 MAR 2025 21:05
entering extended mode
 restricted \write18 enabled.
 %&-line parsing enabled.
**transferencia-de-masa.tex
(./transferencia-de-masa.tex
LaTeX2e <2022-11-01> patch level 1
L3 programming layer <2023-01-16>
(/usr/share/texlive/texmf-dist/tex/latex/base/book.cls
Document Class: book 2022/07/02 v1.4n Standard LaTeX document class
(/usr/share/texlive/texmf-dist/tex/latex/base/fleqn.clo
File: fleqn.clo 2016/12/29 v1.2b Standard LaTeX option (flush left equations)
\mathindent=\skip48
Applying: [2015/01/01] Make \[ robust on input line 50.
LaTeX Info: Redefining \[ on input line 51.
Already applied: [0000/00/00] Make \[ robust on input line 62.
Applying: [2015/01/01] Make \] robust on input line 74.
LaTeX Info: Redefining \] on input line 75.
Already applied: [0000/00/00] Make \] robust on input line 83.
)
(/usr/share/texlive/texmf-dist/tex/latex/base/bk11.clo
File: bk11.clo 2022/07/02 v1.4n Standard LaTeX file (size option)
)
\c@part=\count185
\c@chapter=\count186
\c@section=\count187
\c@subsection=\count188
\c@subsubsection=\count189
\c@paragraph=\count190
\c@subparagraph=\count191
\c@figure=\count192
\c@table=\count193
\abovecaptionskip=\skip49
\belowcaptionskip=\skip50
\bibindent=\dimen140
)
(/usr/share/texlive/texmf-dist/tex/latex/geometry/geometry.sty
Package: geometry 2020/01/02 v5.9 Page Geometry

(/usr/share/texlive/texmf-dist/tex/latex/graphics/keyval.sty
Package: keyval 2022/05/29 v1.15 key=value parser (DPC)
\KV@toks@=\toks16
)
(/usr/share/texlive/texmf-dist/tex/generic/iftex/ifvtex.sty
Package: ifvtex 2019/10/25 v1.7 ifvtex legacy package. Use iftex instead.

(/usr/share/texlive/texmf-dist/tex/generic/iftex/iftex.sty
Package: iftex 2022/02/03 v1.0f TeX engine tests
))
\Gm@cnth=\count194
\Gm@cntv=\count195
\c@Gm@tempcnt=\count196
\Gm@bindingoffset=\dimen141
\Gm@wd@mp=\dimen142
\Gm@odd@mp=\dimen143
\Gm@even@mp=\dimen144
\Gm@layoutwidth=\dimen145
\Gm@layoutheight=\dimen146
\Gm@layouthoffset=\dimen147
\Gm@layoutvoffset=\dimen148
\Gm@dimlist=\toks17
)
(/usr/share/texlive/texmf-dist/tex/latex/base/fontenc.sty
Package: fontenc 2021/04/29 v2.0v Standard LaTeX package
)
(/usr/share/texlive/texmf-dist/tex/latex/base/inputenc.sty
Package: inputenc 2021/02/14 v1.3d Input encoding file
\inpenc@prehook=\toks18
\inpenc@posthook=\toks19
)
(/usr/share/texmf/tex/latex/lm/lmodern.sty
Package: lmodern 2015/05/01 v1.6.1 Latin Modern Fonts
LaTeX Font Info:    Overwriting symbol font `operators' in version `normal'
(Font)                  OT1/cmr/m/n --> OT1/lmr/m/n on input line 22.
LaTeX Font Info:    Overwriting symbol font `letters' in version `normal'
(Font)                  OML/cmm/m/it --> OML/lmm/m/it on input line 23.
LaTeX Font Info:    Overwriting symbol font `symbols' in version `normal'
(Font)                  OMS/cmsy/m/n --> OMS/lmsy/m/n on input line 24.
LaTeX Font Info:    Overwriting symbol font `largesymbols' in version `normal'
(Font)                  OMX/cmex/m/n --> OMX/lmex/m/n on input line 25.
LaTeX Font Info:    Overwriting symbol font `operators' in version `bold'
(Font)                  OT1/cmr/bx/n --> OT1/lmr/bx/n on input line 26.
LaTeX Font Info:    Overwriting symbol font `letters' in version `bold'
(Font)                  OML/cmm/b/it --> OML/lmm/b/it on input line 27.
LaTeX Font Info:    Overwriting symbol font `symbols' in version `bold'
(Font)                  OMS/cmsy/b/n --> OMS/lmsy/b/n on input line 28.
LaTeX Font Info:    Overwriting symbol font `largesymbols' in version `bold'
(Font)                  OMX/cmex/m/n --> OMX/lmex/m/n on input line 29.
LaTeX Font Info:    Overwriting math alphabet `\mathbf' in version `normal'
(Font)                  OT1/cmr/bx/n --> OT1/lmr/bx/n on input line 31.
LaTeX Font Info:    Overwriting math alphabet `\mathsf' in version `normal'
(Font)                  OT1/cmss/m/n --> OT1/lmss/m/n on input line 32.
LaTeX Font Info:    Overwriting math alphabet `\mathit' in version `normal'
(Font)                  OT1/cmr/m/it --> OT1/lmr/m/it on input line 33.
LaTeX Font Info:    Overwriting math alphabet `\mathtt' in version `normal'
(Font)                  OT1/cmtt/m/n --> OT1/lmtt/m/n on input line 34.
LaTeX Font Info:    Overwriting math alphabet `\mathbf' in version `bold'
(Font)                  OT1/cmr/bx/n --> OT1/lmr/bx/n on input line 35.
LaTeX Font Info:    Overwriting math alphabet `\mathsf' in version `bold'
(Font)                  OT1/cmss/bx/n --> OT1/lmss/bx/n on input line 36.
LaTeX Font Info:    Overwriting math alphabet `\mathit' in version `bold'
(Font)                  OT1/cmr/bx/it --> OT1/lmr/bx/it on input line 37.
LaTeX Font Info:    Overwriting math alphabet `\mathtt' in version `bold'
(Font)                  OT1/cmtt/m/n --> OT1/lmtt/m/n on input line 38.
)
(/usr/share/texlive/texmf-dist/tex/latex/hyperref/hyperref.sty
Package: hyperref 2022-11-13 v7.00u Hypertext links for LaTeX

(/usr/share/texlive/texmf-dist/tex/generic/ltxcmds/ltxcmds.sty
Package: ltxcmds 2020-05-10 v1.25 LaTeX kernel commands for general use (HO)
)
(/usr/share/texlive/texmf-dist/tex/generic/pdftexcmds/pdftexcmds.sty
Package: pdftexcmds 2020-06-27 v0.33 Utility functions of pdfTeX for LuaTeX (HO
)

(/usr/share/texlive/texmf-dist/tex/generic/infwarerr/infwarerr.sty
Package: infwarerr 2019/12/03 v1.5 Providing info/warning/error messages (HO)
)
Package pdftexcmds Info: \pdf@primitive is available.
Package pdftexcmds Info: \pdf@ifprimitive is available.
Package pdftexcmds Info: \pdfdraftmode found.
)
(/usr/share/texlive/texmf-dist/tex/latex/kvsetkeys/kvsetkeys.sty
Package: kvsetkeys 2022-10-05 v1.19 Key value parser (HO)
)
(/usr/share/texlive/texmf-dist/tex/generic/kvdefinekeys/kvdefinekeys.sty
Package: kvdefinekeys 2019-12-19 v1.6 Define keys (HO)
)
(/usr/share/texlive/texmf-dist/tex/generic/pdfescape/pdfescape.sty
Package: pdfescape 2019/12/09 v1.15 Implements pdfTeX's escape features (HO)
)
(/usr/share/texlive/texmf-dist/tex/latex/hycolor/hycolor.sty
Package: hycolor 2020-01-27 v1.10 Color options for hyperref/bookmark (HO)
)
(/usr/share/texlive/texmf-dist/tex/latex/letltxmacro/letltxmacro.sty
Package: letltxmacro 2019/12/03 v1.6 Let assignment for LaTeX macros (HO)
)
(/usr/share/texlive/texmf-dist/tex/latex/auxhook/auxhook.sty
Package: auxhook 2019-12-17 v1.6 Hooks for auxiliary files (HO)
)
(/usr/share/texlive/texmf-dist/tex/latex/hyperref/nameref.sty
Package: nameref 2022-05-17 v2.50 Cross-referencing by name of section

(/usr/share/texlive/texmf-dist/tex/latex/refcount/refcount.sty
Package: refcount 2019/12/15 v3.6 Data extraction from label references (HO)
)
(/usr/share/texlive/texmf-dist/tex/generic/gettitlestring/gettitlestring.sty
Package: gettitlestring 2019/12/15 v1.6 Cleanup title references (HO)

(/usr/share/texlive/texmf-dist/tex/latex/kvoptions/kvoptions.sty
Package: kvoptions 2022-06-15 v3.15 Key value format for package options (HO)
))
\c@section@level=\count197
)
\@linkdim=\dimen149
\Hy@linkcounter=\count198
\Hy@pagecounter=\count199

(/usr/share/texlive/texmf-dist/tex/latex/hyperref/pd1enc.def
File: pd1enc.def 2022-11-13 v7.00u Hyperref: PDFDocEncoding definition (HO)
Now handling font encoding PD1 ...
... no UTF-8 mapping file for font encoding PD1
)
(/usr/share/texlive/texmf-dist/tex/generic/intcalc/intcalc.sty
Package: intcalc 2019/12/15 v1.3 Expandable calculations with integers (HO)
)
(/usr/share/texlive/texmf-dist/tex/generic/etexcmds/etexcmds.sty
Package: etexcmds 2019/12/15 v1.7 Avoid name clashes with e-TeX commands (HO)
)
\Hy@SavedSpaceFactor=\count266

(/usr/share/texlive/texmf-dist/tex/latex/hyperref/puenc.def
File: puenc.def 2022-11-13 v7.00u Hyperref: PDF Unicode definition (HO)
Now handling font encoding PU ...
... no UTF-8 mapping file for font encoding PU
)
Package hyperref Info: Hyper figures OFF on input line 4162.
Package hyperref Info: Link nesting OFF on input line 4167.
Package hyperref Info: Hyper index ON on input line 4170.
Package hyperref Info: Plain pages OFF on input line 4177.
Package hyperref Info: Backreferencing OFF on input line 4182.
Package hyperref Info: Implicit mode ON; LaTeX internals redefined.
Package hyperref Info: Bookmarks ON on input line 4410.
\c@Hy@tempcnt=\count267

(/usr/share/texlive/texmf-dist/tex/latex/url/url.sty
\Urlmuskip=\muskip16
Package: url 2013/09/16  ver 3.4  Verb mode for urls, etc.
)
LaTeX Info: Redefining \url on input line 4748.
\XeTeXLinkMargin=\dimen150

(/usr/share/texlive/texmf-dist/tex/generic/bitset/bitset.sty
Package: bitset 2019/12/09 v1.3 Handle bit-vector datatype (HO)

(/usr/share/texlive/texmf-dist/tex/generic/bigintcalc/bigintcalc.sty
Package: bigintcalc 2019/12/15 v1.5 Expandable calculations on big integers (HO
)
))
\Fld@menulength=\count268
\Field@Width=\dimen151
\Fld@charsize=\dimen152
Package hyperref Info: Hyper figures OFF on input line 6027.
Package hyperref Info: Link nesting OFF on input line 6032.
Package hyperref Info: Hyper index ON on input line 6035.
Package hyperref Info: backreferencing OFF on input line 6042.
Package hyperref Info: Link coloring OFF on input line 6047.
Package hyperref Info: Link coloring with OCG OFF on input line 6052.
Package hyperref Info: PDF/A mode OFF on input line 6057.

(/usr/share/texlive/texmf-dist/tex/latex/base/atbegshi-ltx.sty
Package: atbegshi-ltx 2021/01/10 v1.0c Emulation of the original atbegshi
package with kernel methods
)
\Hy@abspage=\count269
\c@Item=\count270
\c@Hfootnote=\count271
)
Package hyperref Info: Driver (autodetected): hpdftex.

(/usr/share/texlive/texmf-dist/tex/latex/hyperref/hpdftex.def
File: hpdftex.def 2022-11-13 v7.00u Hyperref driver for pdfTeX

(/usr/share/texlive/texmf-dist/tex/latex/base/atveryend-ltx.sty
Package: atveryend-ltx 2020/08/19 v1.0a Emulation of the original atveryend pac
kage
with kernel methods
)
\Fld@listcount=\count272
\c@bookmark@seq@number=\count273

(/usr/share/texlive/texmf-dist/tex/latex/rerunfilecheck/rerunfilecheck.sty
Package: rerunfilecheck 2022-07-10 v1.10 Rerun checks for auxiliary files (HO)

(/usr/share/texlive/texmf-dist/tex/generic/uniquecounter/uniquecounter.sty
Package: uniquecounter 2019/12/15 v1.4 Provide unlimited unique counter (HO)
)
Package uniquecounter Info: New unique counter `rerunfilecheck' on input line 2
85.
)
\Hy@SectionHShift=\skip51
)
(/usr/share/texlive/texmf-dist/tex/latex/graphics/graphicx.sty
Package: graphicx 2021/09/16 v1.2d Enhanced LaTeX Graphics (DPC,SPQR)

(/usr/share/texlive/texmf-dist/tex/latex/graphics/graphics.sty
Package: graphics 2022/03/10 v1.4e Standard LaTeX Graphics (DPC,SPQR)

(/usr/share/texlive/texmf-dist/tex/latex/graphics/trig.sty
Package: trig 2021/08/11 v1.11 sin cos tan (DPC)
)
(/usr/share/texlive/texmf-dist/tex/latex/graphics-cfg/graphics.cfg
File: graphics.cfg 2016/06/04 v1.11 sample graphics configuration
)
Package graphics Info: Driver file: pdftex.def on input line 107.

(/usr/share/texlive/texmf-dist/tex/latex/graphics-def/pdftex.def
File: pdftex.def 2022/09/22 v1.2b Graphics/color driver for pdftex
))
\Gin@req@height=\dimen153
\Gin@req@width=\dimen154
)
(/usr/share/texlive/texmf-dist/tex/generic/babel/babel.sty
Package: babel 2022/12/26 3.84 The Babel package
\babel@savecnt=\count274
\U@D=\dimen155
\l@unhyphenated=\language10

(/usr/share/texlive/texmf-dist/tex/generic/babel/txtbabel.def)
\bbl@readstream=\read2
\bbl@dirlevel=\count275

(/usr/share/texlive/texmf-dist/tex/generic/babel-spanish/spanish.ldf
Language: spanish.ldf 2021/05/27 v5.0q Spanish support from the babel system
\es@quottoks=\toks20
\es@quotdepth=\count276
))
(/usr/share/texlive/texmf-dist/tex/generic/babel/locale/es/babel-spanish.tex
Package babel Info: Importing font and identification data for spanish
(babel)             from babel-es.ini. Reported on input line 11.
)
(/usr/share/texlive/texmf-dist/tex/latex/float/float.sty
Package: float 2001/11/08 v1.3d Float enhancements (AL)
\c@float@type=\count277
\float@exts=\toks21
\float@box=\box51
\@float@everytoks=\toks22
\@floatcapt=\box52
)
(/usr/share/texlive/texmf-dist/tex/latex/amsmath/amsmath.sty
Package: amsmath 2022/04/08 v2.17n AMS math features
\@mathmargin=\skip52

For additional information on amsmath, use the `?' option.
(/usr/share/texlive/texmf-dist/tex/latex/amsmath/amstext.sty
Package: amstext 2021/08/26 v2.01 AMS text

(/usr/share/texlive/texmf-dist/tex/latex/amsmath/amsgen.sty
File: amsgen.sty 1999/11/30 v2.0 generic functions
\@emptytoks=\toks23
\ex@=\dimen156
))
(/usr/share/texlive/texmf-dist/tex/latex/amsmath/amsbsy.sty
Package: amsbsy 1999/11/29 v1.2d Bold Symbols
\pmbraise@=\dimen157
)
(/usr/share/texlive/texmf-dist/tex/latex/amsmath/amsopn.sty
Package: amsopn 2022/04/08 v2.04 operator names
)
\inf@bad=\count278
LaTeX Info: Redefining \frac on input line 234.
\uproot@=\count279
\leftroot@=\count280
LaTeX Info: Redefining \overline on input line 399.
LaTeX Info: Redefining \colon on input line 410.
\classnum@=\count281
\DOTSCASE@=\count282
LaTeX Info: Redefining \ldots on input line 496.
LaTeX Info: Redefining \dots on input line 499.
LaTeX Info: Redefining \cdots on input line 620.
\Mathstrutbox@=\box53
\strutbox@=\box54
LaTeX Info: Redefining \big on input line 722.
LaTeX Info: Redefining \Big on input line 723.
LaTeX Info: Redefining \bigg on input line 724.
LaTeX Info: Redefining \Bigg on input line 725.
\big@size=\dimen158
LaTeX Font Info:    Redeclaring font encoding OML on input line 743.
LaTeX Font Info:    Redeclaring font encoding OMS on input line 744.
\macc@depth=\count283
LaTeX Info: Redefining \bmod on input line 905.
LaTeX Info: Redefining \pmod on input line 910.
LaTeX Info: Redefining \smash on input line 940.
LaTeX Info: Redefining \relbar on input line 970.
LaTeX Info: Redefining \Relbar on input line 971.
\c@MaxMatrixCols=\count284
\dotsspace@=\muskip17
\c@parentequation=\count285
\dspbrk@lvl=\count286
\tag@help=\toks24
\row@=\count287
\column@=\count288
\maxfields@=\count289
\andhelp@=\toks25
\eqnshift@=\dimen159
\alignsep@=\dimen160
\tagshift@=\dimen161
\tagwidth@=\dimen162
\totwidth@=\dimen163
\lineht@=\dimen164
\@envbody=\toks26
\multlinegap=\skip53
\multlinetaggap=\skip54
\mathdisplay@stack=\toks27
LaTeX Info: Redefining \[ on input line 2953.
LaTeX Info: Redefining \] on input line 2954.
)
(/usr/share/texlive/texmf-dist/tex/latex/amscls/amsthm.sty
Package: amsthm 2020/05/29 v2.20.6
\thm@style=\toks28
\thm@bodyfont=\toks29
\thm@headfont=\toks30
\thm@notefont=\toks31
\thm@headpunct=\toks32
\thm@preskip=\skip55
\thm@postskip=\skip56
\thm@headsep=\skip57
\dth@everypar=\toks33
)
(/usr/share/texlive/texmf-dist/tex/latex/amsfonts/amsfonts.sty
Package: amsfonts 2013/01/14 v3.01 Basic AMSFonts support
\symAMSa=\mathgroup4
\symAMSb=\mathgroup5
LaTeX Font Info:    Redeclaring math symbol \hbar on input line 98.
LaTeX Font Info:    Overwriting math alphabet `\mathfrak' in version `bold'
(Font)                  U/euf/m/n --> U/euf/b/n on input line 106.
)
(/usr/share/texlive/texmf-dist/tex/latex/mathtools/mathtools.sty
Package: mathtools 2022/06/29 v1.29 mathematical typesetting tools

(/usr/share/texlive/texmf-dist/tex/latex/tools/calc.sty
Package: calc 2017/05/25 v4.3 Infix arithmetic (KKT,FJ)
\calc@Acount=\count290
\calc@Bcount=\count291
\calc@Adimen=\dimen165
\calc@Bdimen=\dimen166
\calc@Askip=\skip58
\calc@Bskip=\skip59
LaTeX Info: Redefining \setlength on input line 80.
LaTeX Info: Redefining \addtolength on input line 81.
\calc@Ccount=\count292
\calc@Cskip=\skip60
)
(/usr/share/texlive/texmf-dist/tex/latex/mathtools/mhsetup.sty
Package: mhsetup 2021/03/18 v1.4 programming setup (MH)
)
\g_MT_multlinerow_int=\count293
\l_MT_multwidth_dim=\dimen167
\origjot=\skip61
\l_MT_shortvdotswithinadjustabove_dim=\dimen168
\l_MT_shortvdotswithinadjustbelow_dim=\dimen169
\l_MT_above_intertext_sep=\dimen170
\l_MT_below_intertext_sep=\dimen171
\l_MT_above_shortintertext_sep=\dimen172
\l_MT_below_shortintertext_sep=\dimen173
\xmathstrut@box=\box55
\xmathstrut@dim=\dimen174
)
(/usr/share/texlive/texmf-dist/tex/latex/amsfonts/amssymb.sty
Package: amssymb 2013/01/14 v3.01 AMS font symbols
)
(/usr/share/texlive/texmf-dist/tex/latex/stackengine/stackengine.sty
Package: stackengine 2021/07/22 v4.11\ Stacking text and objects in convenient 
ways

(/usr/share/texlive/texmf-dist/tex/latex/etoolbox/etoolbox.sty
Package: etoolbox 2020/10/05 v2.5k e-TeX tools for LaTeX (JAW)
\etb@tempcnta=\count294
)
(/usr/share/texlive/texmf-dist/tex/generic/listofitems/listofitems.sty
(/usr/share/texlive/texmf-dist/tex/generic/listofitems/listofitems.tex
\loi_cnt_foreach_nest=\count295
\loi_nestcnt=\count296
)
Package: listofitems 2019/08/21 v1.63 Grab items in lists using user-specified 
sep char (CT)
)
\c@@stackindex=\count297
\@boxshift=\skip62
\stack@tmplength=\skip63
\temp@stkl=\skip64
\@stackedboxwidth=\skip65
\@addedbox=\box56
\@anchorbox=\box57
\@insetbox=\box58
\se@backgroundbox=\box59
\stackedbox=\box60
\@centerbox=\box61
\c@ROWcellindex@=\count298
)
(/usr/share/texlive/texmf-dist/tex/latex/graphics/lscape.sty
Package: lscape 2020/05/28 v3.02 Landscape Pages (DPC)
)
(/usr/share/texlive/texmf-dist/tex/latex/tools/longtable.sty
Package: longtable 2021-09-01 v4.17 Multi-page Table package (DPC)
\LTleft=\skip66
\LTright=\skip67
\LTpre=\skip68
\LTpost=\skip69
\LTchunksize=\count299
\LTcapwidth=\dimen175
\LT@head=\box62
\LT@firsthead=\box63
\LT@foot=\box64
\LT@lastfoot=\box65
\LT@gbox=\box66
\LT@cols=\count300
\LT@rows=\count301
\c@LT@tables=\count302
\c@LT@chunks=\count303
\LT@p@ftn=\toks34
)
(/usr/share/texlive/texmf-dist/tex/latex/booktabs/booktabs.sty
Package: booktabs 2020/01/12 v1.61803398 Publication quality tables
\heavyrulewidth=\dimen176
\lightrulewidth=\dimen177
\cmidrulewidth=\dimen178
\belowrulesep=\dimen179
\belowbottomsep=\dimen180
\aboverulesep=\dimen181
\abovetopsep=\dimen182
\cmidrulesep=\dimen183
\cmidrulekern=\dimen184
\defaultaddspace=\dimen185
\@cmidla=\count304
\@cmidlb=\count305
\@aboverulesep=\dimen186
\@belowrulesep=\dimen187
\@thisruleclass=\count306
\@lastruleclass=\count307
\@thisrulewidth=\dimen188
)
(/usr/share/texlive/texmf-dist/tex/latex/jknapltx/mathrsfs.sty
Package: mathrsfs 1996/01/01 Math RSFS package v1.0 (jk)
\symrsfs=\mathgroup6
)
(/usr/share/texlive/texmf-dist/tex/latex/caption/caption.sty
Package: caption 2022/03/01 v3.6b Customizing captions (AR)

(/usr/share/texlive/texmf-dist/tex/latex/caption/caption3.sty
Package: caption3 2022/03/17 v2.3b caption3 kernel (AR)
\caption@tempdima=\dimen189
\captionmargin=\dimen190
\caption@leftmargin=\dimen191
\caption@rightmargin=\dimen192
\caption@width=\dimen193
\caption@indent=\dimen194
\caption@parindent=\dimen195
\caption@hangindent=\dimen196
Package caption Info: Standard document class detected.
)
\c@caption@flags=\count308
\c@continuedfloat=\count309
Package caption Info: float package is loaded.
Package caption Info: hyperref package is loaded.
Package caption Info: longtable package is loaded.

(/usr/share/texlive/texmf-dist/tex/latex/caption/ltcaption.sty
Package: ltcaption 2021/01/08 v1.4c longtable captions (AR)
))
(/usr/share/texlive/texmf-dist/tex/latex/ragged2e/ragged2e.sty
Package: ragged2e 2022/11/13 v3.2 ragged2e Package
\CenteringLeftskip=\skip70
\RaggedLeftLeftskip=\skip71
\RaggedRightLeftskip=\skip72
\CenteringRightskip=\skip73
\RaggedLeftRightskip=\skip74
\RaggedRightRightskip=\skip75
\CenteringParfillskip=\skip76
\RaggedLeftParfillskip=\skip77
\RaggedRightParfillskip=\skip78
\JustifyingParfillskip=\skip79
\CenteringParindent=\skip80
\RaggedLeftParindent=\skip81
\RaggedRightParindent=\skip82
\JustifyingParindent=\skip83
)
LaTeX Font Info:    Trying to load font information for T1+lmr on input line 89
.

(/usr/share/texmf/tex/latex/lm/t1lmr.fd
File: t1lmr.fd 2015/05/01 v1.6.1 Font defs for Latin Modern
)
(/usr/share/texlive/texmf-dist/tex/latex/l3backend/l3backend-pdftex.def
File: l3backend-pdftex.def 2023-01-16 L3 backend support: PDF output (pdfTeX)
\l__color_backend_stack_int=\count310
\l__pdf_internal_box=\box67
)
(./transferencia-de-masa.aux
LaTeX Info: Redefining \. on input line 18.
LaTeX Info: Redefining \% on input line 18.
)
\openout1 = `transferencia-de-masa.aux'.

LaTeX Font Info:    Checking defaults for OML/cmm/m/it on input line 89.
LaTeX Font Info:    ... okay on input line 89.
LaTeX Font Info:    Checking defaults for OMS/cmsy/m/n on input line 89.
LaTeX Font Info:    ... okay on input line 89.
LaTeX Font Info:    Checking defaults for OT1/cmr/m/n on input line 89.
LaTeX Font Info:    ... okay on input line 89.
LaTeX Font Info:    Checking defaults for T1/cmr/m/n on input line 89.
LaTeX Font Info:    ... okay on input line 89.
LaTeX Font Info:    Checking defaults for TS1/cmr/m/n on input line 89.
LaTeX Font Info:    ... okay on input line 89.
LaTeX Font Info:    Checking defaults for OMX/cmex/m/n on input line 89.
LaTeX Font Info:    ... okay on input line 89.
LaTeX Font Info:    Checking defaults for U/cmr/m/n on input line 89.
LaTeX Font Info:    ... okay on input line 89.
LaTeX Font Info:    Checking defaults for PD1/pdf/m/n on input line 89.
LaTeX Font Info:    ... okay on input line 89.
LaTeX Font Info:    Checking defaults for PU/pdf/m/n on input line 89.
LaTeX Font Info:    ... okay on input line 89.

*geometry* driver: auto-detecting
*geometry* detected driver: pdftex
*geometry* verbose mode - [ preamble ] result:
* driver: pdftex
* paper: b5paper
* layout: <same size as paper>
* layoutoffset:(h,v)=(0.0pt,0.0pt)
* modes: twoside 
* h-part:(L,W,R)=(56.9055pt, 386.95749pt, 56.9055pt)
* v-part:(T,H,B)=(71.13188pt, 569.05513pt, 71.13188pt)
* \paperwidth=500.7685pt
* \paperheight=711.3189pt
* \textwidth=386.95749pt
* \textheight=569.05513pt
* \oddsidemargin=-15.36449pt
* \evensidemargin=-15.36449pt
* \topmargin=-33.0119pt
* \headheight=12.0pt
* \headsep=19.8738pt
* \topskip=11.0pt
* \footskip=27.46295pt
* \marginparwidth=116.0pt
* \marginparsep=7.0pt
* \columnsep=10.0pt
* \skip\footins=10.0pt plus 4.0pt minus 2.0pt
* \hoffset=0.0pt
* \voffset=0.0pt
* \mag=1000
* \@twocolumnfalse
* \@twosidetrue
* \@mparswitchtrue
* \@reversemarginfalse
* (1in=72.27pt=25.4mm, 1cm=28.453pt)

Package hyperref Info: Link coloring OFF on input line 89.
(./transferencia-de-masa.out) (./transferencia-de-masa.out)
\@outlinefile=\write3
\openout3 = `transferencia-de-masa.out'.


(/usr/share/texlive/texmf-dist/tex/context/base/mkii/supp-pdf.mkii
[Loading MPS to PDF converter (version 2006.09.02).]
\scratchcounter=\count311
\scratchdimen=\dimen197
\scratchbox=\box68
\nofMPsegments=\count312
\nofMParguments=\count313
\everyMPshowfont=\toks35
\MPscratchCnt=\count314
\MPscratchDim=\dimen198
\MPnumerator=\count315
\makeMPintoPDFobject=\count316
\everyMPtoPDFconversion=\toks36
) (/usr/share/texlive/texmf-dist/tex/latex/epstopdf-pkg/epstopdf-base.sty
Package: epstopdf-base 2020-01-24 v2.11 Base part for package epstopdf
Package epstopdf-base Info: Redefining graphics rule for `.eps' on input line 4
85.

(/usr/share/texlive/texmf-dist/tex/latex/latexconfig/epstopdf-sys.cfg
File: epstopdf-sys.cfg 2010/07/13 v1.3 Configuration of (r)epstopdf for TeX Liv
e
))
LaTeX Info: Redefining \. on input line 89.
LaTeX Info: Redefining \% on input line 89.
Package caption Info: Begin \AtBeginDocument code.
Package caption Info: End \AtBeginDocument code.
LaTeX Font Info:    Trying to load font information for OT1+lmr on input line 9
3.

(/usr/share/texmf/tex/latex/lm/ot1lmr.fd
File: ot1lmr.fd 2015/05/01 v1.6.1 Font defs for Latin Modern
)
LaTeX Font Info:    Trying to load font information for OML+lmm on input line 9
3.

(/usr/share/texmf/tex/latex/lm/omllmm.fd
File: omllmm.fd 2015/05/01 v1.6.1 Font defs for Latin Modern
)
LaTeX Font Info:    Trying to load font information for OMS+lmsy on input line 
93.

(/usr/share/texmf/tex/latex/lm/omslmsy.fd
File: omslmsy.fd 2015/05/01 v1.6.1 Font defs for Latin Modern
)
LaTeX Font Info:    Trying to load font information for OMX+lmex on input line 
93.

(/usr/share/texmf/tex/latex/lm/omxlmex.fd
File: omxlmex.fd 2015/05/01 v1.6.1 Font defs for Latin Modern
)
LaTeX Font Info:    External font `lmex10' loaded for size
(Font)              <12> on input line 93.
LaTeX Font Info:    External font `lmex10' loaded for size
(Font)              <8> on input line 93.
LaTeX Font Info:    External font `lmex10' loaded for size
(Font)              <6> on input line 93.
LaTeX Font Info:    Trying to load font information for U+msa on input line 93.


(/usr/share/texlive/texmf-dist/tex/latex/amsfonts/umsa.fd
File: umsa.fd 2013/01/14 v3.01 AMS symbols A
)
LaTeX Font Info:    Trying to load font information for U+msb on input line 93.


(/usr/share/texlive/texmf-dist/tex/latex/amsfonts/umsb.fd
File: umsb.fd 2013/01/14 v3.01 AMS symbols B
)
LaTeX Font Info:    Trying to load font information for U+rsfs on input line 93
.

(/usr/share/texlive/texmf-dist/tex/latex/jknapltx/ursfs.fd
File: ursfs.fd 1998/03/24 rsfs font definition file (jk)
) [1



{/var/lib/texmf/fonts/map/pdftex/updmap/pdftex.map}] [2

] (./transferencia-de-masa.toc
LaTeX Info: Redefining \. on input line 1.
LaTeX Info: Redefining \% on input line 1.
LaTeX Font Info:    External font `lmex10' loaded for size
(Font)              <10.95> on input line 3.
 [3])
\tf@toc=\write4
\openout4 = `transferencia-de-masa.toc'.

LaTeX Info: Redefining \. on input line 107.
LaTeX Info: Redefining \% on input line 107.

[4] (./Capitulo1/capitulo1.tex [1


]
LaTeX Info: Redefining \. on input line 1.
LaTeX Info: Redefining \% on input line 1.
 [2

]
 1.
[3
pdfTeX warning (ext4): destination with the same identifier (name{equation.1.1.
1}) has been already used, duplicate ignored
<argument> ...shipout:D \box_use:N \l_shipout_box 
                                                  \__shipout_drop_firstpage_...
l.39  \end{equation}
                    ]
pdfTeX warning (ext4): destination with the same identifier (name{equation.1.1.
1}) has been already used, duplicate ignored
<to be read again> 
                   \relax 
l.42  \begin{equation}
                      
pdfTeX warning (ext4): destination with the same identifier (name{equation.1.1.
1}) has been already used, duplicate ignored
<to be read again> 
                   \relax 
l.46  \begin{equation}
                      
pdfTeX warning (ext4): destination with the same identifier (name{equation.1.1.
1}) has been already used, duplicate ignored
<to be read again> 
                   \relax 
l.51  \begin{equation}
                      
pdfTeX warning (ext4): destination with the same identifier (name{equation.1.1.
1}) has been already used, duplicate ignored
<to be read again> 
                   \relax 
l.54  \begin{equation}
                      
pdfTeX warning (ext4): destination with the same identifier (name{equation.1.1.
1}) has been already used, duplicate ignored
<to be read again> 
                   \relax 
l.59  \begin{equation}
                      
pdfTeX warning (ext4): destination with the same identifier (name{equation.1.1.
1}) has been already used, duplicate ignored
<to be read again> 
                   \relax 
l.62  \begin{equation}
                      
pdfTeX warning (ext4): destination with the same identifier (name{equation.1.1.
1}) has been already used, duplicate ignored
<to be read again> 
                   \relax 
l.67  \begin{equation}
                      
pdfTeX warning (ext4): destination with the same identifier (name{equation.1.1.
1}) has been already used, duplicate ignored
<to be read again> 
                   \relax 
l.72  \begin{equation}
                      
pdfTeX warning (ext4): destination with the same identifier (name{equation.1.1.
1}) has been already used, duplicate ignored
<to be read again> 
                   \relax 
l.81  \begin{equation}
                      
pdfTeX warning (ext4): destination with the same identifier (name{equation.1.1.
1}) has been already used, duplicate ignored
<to be read again> 
                   \relax 
l.86  \begin{equation}
                      
LaTeX Info: Redefining \. on input line 96.
LaTeX Info: Redefining \% on input line 96.
 [4
pdfTeX warning (ext4): destination with the same identifier (name{equation.1.1.
1}) has been already used, duplicate ignored
<argument> ...shipout:D \box_use:N \l_shipout_box 
                                                  \__shipout_drop_firstpage_...
l.96  $
        \underline{j}_A=	\rho_A \underline{v}_A + \rho_A \underline{v} \Righ...

pdfTeX warning (ext4): destination with the same identifier (name{equation.1.1.
1}) has been already used, duplicate ignored
<argument> ...shipout:D \box_use:N \l_shipout_box 
                                                  \__shipout_drop_firstpage_...
l.96  $
        \underline{j}_A=	\rho_A \underline{v}_A + \rho_A \underline{v} \Righ...
]
LaTeX Info: Redefining \. on input line 138.
LaTeX Info: Redefining \% on input line 138.
 [5
pdfTeX warning (ext4): destination with the same identifier (name{equation.1.2.
1}) has been already used, duplicate ignored
<argument> ...shipout:D \box_use:N \l_shipout_box 
                                                  \__shipout_drop_firstpage_...
l.138  \end{equation}
                     
pdfTeX warning (ext4): destination with the same identifier (name{equation.1.2.
1}) has been already used, duplicate ignored
<argument> ...shipout:D \box_use:N \l_shipout_box 
                                                  \__shipout_drop_firstpage_...
l.138  \end{equation}
                     
pdfTeX warning (ext4): destination with the same identifier (name{equation.1.2.
1}) has been already used, duplicate ignored
<argument> ...shipout:D \box_use:N \l_shipout_box 
                                                  \__shipout_drop_firstpage_...
l.138  \end{equation}
                     
pdfTeX warning (ext4): destination with the same identifier (name{equation.1.2.
1}) has been already used, duplicate ignored
<argument> ...shipout:D \box_use:N \l_shipout_box 
                                                  \__shipout_drop_firstpage_...
l.138  \end{equation}
                     
pdfTeX warning (ext4): destination with the same identifier (name{equation.1.2.
1}) has been already used, duplicate ignored
<argument> ...shipout:D \box_use:N \l_shipout_box 
                                                  \__shipout_drop_firstpage_...
l.138  \end{equation}
                     ]
LaTeX Info: Redefining \. on input line 188.
LaTeX Info: Redefining \% on input line 188.
 [6
pdfTeX warning (ext4): destination with the same identifier (name{equation.1.2.
1}) has been already used, duplicate ignored
<argument> ...shipout:D \box_use:N \l_shipout_box 
                                                  \__shipout_drop_firstpage_...
l.188  \begin{equation}
                       
pdfTeX warning (ext4): destination with the same identifier (name{equation.1.2.
1}) has been already used, duplicate ignored
<argument> ...shipout:D \box_use:N \l_shipout_box 
                                                  \__shipout_drop_firstpage_...
l.188  \begin{equation}
                       
pdfTeX warning (ext4): destination with the same identifier (name{equation.1.3.
1}) has been already used, duplicate ignored
<argument> ...shipout:D \box_use:N \l_shipout_box 
                                                  \__shipout_drop_firstpage_...
l.188  \begin{equation}
                       
pdfTeX warning (ext4): destination with the same identifier (name{equation.1.3.
1}) has been already used, duplicate ignored
<argument> ...shipout:D \box_use:N \l_shipout_box 
                                                  \__shipout_drop_firstpage_...
l.188  \begin{equation}
                       
pdfTeX warning (ext4): destination with the same identifier (name{equation.1.3.
1}) has been already used, duplicate ignored
<argument> ...shipout:D \box_use:N \l_shipout_box 
                                                  \__shipout_drop_firstpage_...
l.188  \begin{equation}
                       
pdfTeX warning (ext4): destination with the same identifier (name{equation.1.4.
1}) has been already used, duplicate ignored
<argument> ...shipout:D \box_use:N \l_shipout_box 
                                                  \__shipout_drop_firstpage_...
l.188  \begin{equation}
                       ]
pdfTeX warning (ext4): destination with the same identifier (name{equation.1.4.
1}) has been already used, duplicate ignored
<to be read again> 
                   \relax 
l.195  \begin{equation}
                       
pdfTeX warning (ext4): destination with the same identifier (name{equation.1.4.
1}) has been already used, duplicate ignored
<to be read again> 
                   \relax 
l.199   \begin{equation}
                        
<Capitulo1/Imagenes/Fig_1.1.jpeg, id=271, 1284.8pt x 846.16125pt>
File: Capitulo1/Imagenes/Fig_1.1.jpeg Graphic file (type jpg)
<use Capitulo1/Imagenes/Fig_1.1.jpeg>
Package pdftex.def Info: Capitulo1/Imagenes/Fig_1.1.jpeg  used on input line 22
9.
(pdftex.def)             Requested size: 232.17685pt x 152.90929pt.
LaTeX Info: Redefining \. on input line 234.
LaTeX Info: Redefining \% on input line 234.
 [7
pdfTeX warning (ext4): destination with the same identifier (name{equation.1.4.
1}) has been already used, duplicate ignored
<argument> ...shipout:D \box_use:N \l_shipout_box 
                                                  \__shipout_drop_firstpage_...
l.234 
      
pdfTeX warning (ext4): destination with the same identifier (name{equation.1.4.
1}) has been already used, duplicate ignored
<argument> ...shipout:D \box_use:N \l_shipout_box 
                                                  \__shipout_drop_firstpage_...
l.234 
      
pdfTeX warning (ext4): destination with the same identifier (name{equation.1.4.
1}) has been already used, duplicate ignored
<argument> ...shipout:D \box_use:N \l_shipout_box 
                                                  \__shipout_drop_firstpage_...
l.234 
      
pdfTeX warning (ext4): destination with the same identifier (name{equation.1.5.
1}) has been already used, duplicate ignored
<argument> ...shipout:D \box_use:N \l_shipout_box 
                                                  \__shipout_drop_firstpage_...
l.234 
      
pdfTeX warning (ext4): destination with the same identifier (name{equation.1.5.
1}) has been already used, duplicate ignored
<argument> ...shipout:D \box_use:N \l_shipout_box 
                                                  \__shipout_drop_firstpage_...
l.234 
      ]
pdfTeX warning (ext4): destination with the same identifier (name{equation.1.5.
1}) has been already used, duplicate ignored
<to be read again> 
                   \relax 
l.237         \begin{equation}
                              
pdfTeX warning (ext4): destination with the same identifier (name{equation.1.5.
1}) has been already used, duplicate ignored
<to be read again> 
                   \relax 
l.244 \begin{equation}
                      
pdfTeX warning (ext4): destination with the same identifier (name{equation.1.5.
1}) has been already used, duplicate ignored
<to be read again> 
                   \relax 
l.249 \begin{equation}
                      
pdfTeX warning (ext4): destination with the same identifier (name{equation.1.5.
1}) has been already used, duplicate ignored
<to be read again> 
                   \relax 
l.256 \begin{equation}
                      
pdfTeX warning (ext4): destination with the same identifier (name{equation.1.5.
1}) has been already used, duplicate ignored
<to be read again> 
                   \relax 
l.262 \begin{equation}
                      
pdfTeX warning (ext4): destination with the same identifier (name{equation.1.5.
1}) has been already used, duplicate ignored
<to be read again> 
                   \relax 
l.268 \begin{equation}
                      
LaTeX Info: Redefining \. on input line 268.
LaTeX Info: Redefining \% on input line 268.
 [8
pdfTeX warning (ext4): destination with the same identifier (name{equation.1.5.
1}) has been already used, duplicate ignored
<argument> ...shipout:D \box_use:N \l_shipout_box 
                                                  \__shipout_drop_firstpage_...
l.268 \begin{equation}
                       <./Capitulo1/Imagenes/Fig_1.1.jpeg>]
pdfTeX warning (ext4): destination with the same identifier (name{equation.1.5.
1}) has been already used, duplicate ignored
<to be read again> 
                   \relax 
l.274 \begin{equation}
                      
pdfTeX warning (ext4): destination with the same identifier (name{equation.1.5.
1}) has been already used, duplicate ignored
<to be read again> 
                   \relax 
l.280 \begin{equation}
                      
pdfTeX warning (ext4): destination with the same identifier (name{equation.1.5.
1}) has been already used, duplicate ignored
<to be read again> 
                   \relax 
l.285 \begin{equation}
                      
pdfTeX warning (ext4): destination with the same identifier (name{equation.1.5.
1}) has been already used, duplicate ignored
<to be read again> 
                   \relax 
l.291 \begin{equation}
                      
pdfTeX warning (ext4): destination with the same identifier (name{equation.1.5.
1}) has been already used, duplicate ignored
<to be read again> 
                   \relax 
l.297 \begin{equation}
                      
pdfTeX warning (ext4): destination with the same identifier (name{equation.1.5.
1}) has been already used, duplicate ignored
<to be read again> 
                   \relax 
l.301 \begin{equation}
                      
pdfTeX warning (ext4): destination with the same identifier (name{equation.1.5.
1}) has been already used, duplicate ignored
<to be read again> 
                   \relax 
l.312 \begin{equation}
                      
LaTeX Info: Redefining \. on input line 312.
LaTeX Info: Redefining \% on input line 312.
 [9]
pdfTeX warning (ext4): destination with the same identifier (name{equation.1.5.
1}) has been already used, duplicate ignored
<to be read again> 
                   \relax 
l.318 \begin{equation}
                      
pdfTeX warning (ext4): destination with the same identifier (name{equation.1.5.
1}) has been already used, duplicate ignored
<to be read again> 
                   \relax 
l.324 \begin{equation}
                      
pdfTeX warning (ext4): destination with the same identifier (name{equation.1.5.
1}) has been already used, duplicate ignored
<to be read again> 
                   \relax 
l.333 \begin{equation}
                      
pdfTeX warning (ext4): destination with the same identifier (name{equation.1.5.
1}) has been already used, duplicate ignored
<to be read again> 
                   \relax 
l.346 \begin{equation}
                      
pdfTeX warning (ext4): destination with the same identifier (name{equation.1.5.
1}) has been already used, duplicate ignored
<to be read again> 
                   \relax 
l.352 \begin{equation}
                      
LaTeX Info: Redefining \. on input line 352.
LaTeX Info: Redefining \% on input line 352.
 [10]
<Capitulo1/Imagenes/Fig_1.51.jpeg, id=304, 1284.8pt x 860.21375pt>
File: Capitulo1/Imagenes/Fig_1.51.jpeg Graphic file (type jpg)
<use Capitulo1/Imagenes/Fig_1.51.jpeg>
Package pdftex.def Info: Capitulo1/Imagenes/Fig_1.51.jpeg  used on input line 3
61.
(pdftex.def)             Requested size: 270.86905pt x 181.34589pt.

pdfTeX warning (ext4): destination with the same identifier (name{equation.1.5.
1}) has been already used, duplicate ignored
<to be read again> 
                   \relax 
l.370 \begin{equation}
                      
pdfTeX warning (ext4): destination with the same identifier (name{equation.1.5.
1}) has been already used, duplicate ignored
<to be read again> 
                   \relax 
l.376 \begin{equation}
                      
LaTeX Info: Redefining \. on input line 381.
LaTeX Info: Redefining \% on input line 381.
 [11 <./Capitulo1/Imagenes/Fig_1.51.jpeg>]
pdfTeX warning (ext4): destination with the same identifier (name{equation.1.5.
1}) has been already used, duplicate ignored
<to be read again> 
                   \relax 
l.385    \begin{equation}
                         
pdfTeX warning (ext4): destination with the same identifier (name{equation.1.5.
1}) has been already used, duplicate ignored
<to be read again> 
                   \relax 
l.393    \begin{equation}
                         
pdfTeX warning (ext4): destination with the same identifier (name{equation.1.5.
1}) has been already used, duplicate ignored
<to be read again> 
                   \relax 
l.402 \begin{equation}
                      
pdfTeX warning (ext4): destination with the same identifier (name{equation.1.5.
1}) has been already used, duplicate ignored
<to be read again> 
                   \relax 
l.408 \begin{equation}
                      
pdfTeX warning (ext4): destination with the same identifier (name{equation.1.5.
1}) has been already used, duplicate ignored
<to be read again> 
                   \relax 
l.414 \begin{equation}
                       (./Capitulo1/tarea1.tex
LaTeX Info: Redefining \. on input line 5.
LaTeX Info: Redefining \% on input line 5.
 [12]
LaTeX Font Info:    Trying to load font information for TS1+lmr on input line 6
.

(/usr/share/texmf/tex/latex/lm/ts1lmr.fd
File: ts1lmr.fd 2015/05/01 v1.6.1 Font defs for Latin Modern
)
LaTeX Info: Redefining \. on input line 45.
LaTeX Info: Redefining \% on input line 45.
 [13]
LaTeX Info: Redefining \. on input line 64.
LaTeX Info: Redefining \% on input line 64.
 [14]) (./Capitulo1/apendices.tex
LaTeX Info: Redefining \. on input line 16.
LaTeX Info: Redefining \% on input line 16.
[15
pdfTeX warning (ext4): destination with the same identifier (name{equation.1.6.
1}) has been already used, duplicate ignored
<argument> ...shipout:D \box_use:N \l_shipout_box 
                                                  \__shipout_drop_firstpage_...
l.16 \newpage
             
pdfTeX warning (ext4): destination with the same identifier (name{equation.1.6.
1}) has been already used, duplicate ignored
<argument> ...shipout:D \box_use:N \l_shipout_box 
                                                  \__shipout_drop_firstpage_...
l.16 \newpage
             ]
pdfTeX warning (ext4): destination with the same identifier (name{equation.1.6.
1}) has been already used, duplicate ignored
<to be read again> 
                   \relax 
l.20 \begin{equation}
                       \frac{\partial C_A}{\partial t} + \left( v_x \frac{\p...

pdfTeX warning (ext4): destination with the same identifier (name{equation.1.6.
1}) has been already used, duplicate ignored
<to be read again> 
                   \relax 
l.24 \begin{equation}
                     
pdfTeX warning (ext4): destination with the same identifier (name{equation.1.6.
1}) has been already used, duplicate ignored
<to be read again> 
                   \relax 
l.34 \begin{equation}
                     
Overfull \hbox (0.9757pt too wide) detected at line 40
 $[][]$  
 []

(./Capitulo1/tablas.tex
LaTeX Info: Redefining \. on input line 2.
LaTeX Info: Redefining \% on input line 2.
 [16]
Underfull \hbox (badness 10000) in paragraph at lines 13--13
[]|\T1/lmr/m/n/10.95 Masa
 []


Underfull \hbox (badness 10000) in paragraph at lines 13--13
\T1/lmr/m/n/10.95 Mo-lar
 []


Overfull \hbox (5.08804pt too wide) in paragraph at lines 13--13
[]|\T1/lmr/m/n/10.95 Ref.| 
 []


Underfull \hbox (badness 10000) in paragraph at lines 13--13
[]|$[]$
 []


Underfull \hbox (badness 10000) in paragraph at lines 13--13
\T1/lmr/m/n/10.95 (cm$[]$/g-
 []


Underfull \hbox (badness 10000) in paragraph at lines 13--13
[]|$\OML/lmm/m/it/10.95 ^^V[]$
 []


Overfull \hbox (8.1303pt too wide) in paragraph at lines 13--13
\T1/lmr/m/n/10.95 (g/cm$\OMS/lmsy/m/n/10.95 ^^A$\T1/lmr/m/n/10.95 s$\OMS/lmsy/m
/n/10.95 ^^B\OT1/lmr/m/n/10.95 10[]$\T1/lmr/m/n/10.95 )| 
 []


Underfull \hbox (badness 10000) in paragraph at lines 13--14
[]|$\OML/lmm/m/it/10.95 k[]$
 []


Overfull \hbox (33.28769pt too wide) in paragraph at lines 13--14
\T1/lmr/m/n/10.95 (cal/cm$\OMS/lmsy/m/n/10.95 ^^A$\T1/lmr/m/n/10.95 s$\OMS/lmsy
/m/n/10.95 ^^A$\T1/lmr/m/n/10.95 K$\OMS/lmsy/m/n/10.95 ^^B\OT1/lmr/m/n/10.95 10
[]$\T1/lmr/m/n/10.95 )| 
 []


Underfull \hbox (badness 10000) in paragraph at lines 20--20
[]|\T1/lmr/m/n/10.95 Masa
 []


Underfull \hbox (badness 10000) in paragraph at lines 20--20
\T1/lmr/m/n/10.95 Mo-lar
 []


Overfull \hbox (5.08804pt too wide) in paragraph at lines 20--20
[]|\T1/lmr/m/n/10.95 Ref.| 
 []


Underfull \hbox (badness 10000) in paragraph at lines 20--20
[]|$[]$
 []


Underfull \hbox (badness 10000) in paragraph at lines 20--20
\T1/lmr/m/n/10.95 (cm$[]$/g-
 []


Underfull \hbox (badness 10000) in paragraph at lines 20--20
[]|$\OML/lmm/m/it/10.95 ^^V[]$
 []


Overfull \hbox (8.1303pt too wide) in paragraph at lines 20--20
\T1/lmr/m/n/10.95 (g/cm$\OMS/lmsy/m/n/10.95 ^^A$\T1/lmr/m/n/10.95 s$\OMS/lmsy/m
/n/10.95 ^^B\OT1/lmr/m/n/10.95 10[]$\T1/lmr/m/n/10.95 )| 
 []


Underfull \hbox (badness 10000) in paragraph at lines 20--21
[]|$\OML/lmm/m/it/10.95 k[]$
 []


Overfull \hbox (33.28769pt too wide) in paragraph at lines 20--21
\T1/lmr/m/n/10.95 (cal/cm$\OMS/lmsy/m/n/10.95 ^^A$\T1/lmr/m/n/10.95 s$\OMS/lmsy
/m/n/10.95 ^^A$\T1/lmr/m/n/10.95 K$\OMS/lmsy/m/n/10.95 ^^B\OT1/lmr/m/n/10.95 10
[]$\T1/lmr/m/n/10.95 )| 
 []

[17

] [18]
LaTeX Font Info:    External font `lmex10' loaded for size
(Font)              <9> on input line 86.

Underfull \vbox (badness 10000) has occurred while \output is active []

 [19]
[20

]
Underfull \hbox (badness 10000) in paragraph at lines 104--104
\T1/lmr/m/n/10.95 (por vis-
 []


Underfull \hbox (badness 4391) in paragraph at lines 104--104
\T1/lmr/m/n/10.95 co-si-dad y
 []


Underfull \hbox (badness 10000) in paragraph at lines 104--104
\T1/lmr/m/n/10.95 con-duc-
 []


Underfull \hbox (badness 10000) in paragraph at lines 104--104
\T1/lmr/m/n/10.95 ti-vi-dad
 []


Underfull \hbox (badness 2846) in paragraph at lines 104--104
[]|$\OT1/lmr/m/n/10.95 
[]$ \T1/lmr/m/n/10.95 (por
 []


Overfull \hbox (3.68987pt too wide) in paragraph at lines 104--104
\T1/lmr/m/n/10.95 KT/$\OML/lmm/m/it/10.95 "[]$| 
 []


Underfull \hbox (badness 10000) in paragraph at lines 104--104
\T1/lmr/m/n/10.95 (por vis-
 []


Underfull \hbox (badness 4391) in paragraph at lines 104--104
\T1/lmr/m/n/10.95 co-si-dad y
 []


Underfull \hbox (badness 10000) in paragraph at lines 104--104
\T1/lmr/m/n/10.95 con-duc-
 []


Underfull \hbox (badness 10000) in paragraph at lines 104--104
\T1/lmr/m/n/10.95 ti-vi-dad
 []


Underfull \hbox (badness 2846) in paragraph at lines 104--105
[]|$\OT1/lmr/m/n/10.95 
[]$ \T1/lmr/m/n/10.95 (por
 []


Underfull \hbox (badness 10000) in paragraph at lines 113--113
\T1/lmr/m/n/10.95 (por vis-
 []


Underfull \hbox (badness 4391) in paragraph at lines 113--113
\T1/lmr/m/n/10.95 co-si-dad y
 []


Underfull \hbox (badness 10000) in paragraph at lines 113--113
\T1/lmr/m/n/10.95 con-duc-
 []


Underfull \hbox (badness 10000) in paragraph at lines 113--113
\T1/lmr/m/n/10.95 ti-vi-dad
 []


Underfull \hbox (badness 2846) in paragraph at lines 113--113
[]|$\OT1/lmr/m/n/10.95 
[]$ \T1/lmr/m/n/10.95 (por
 []


Overfull \hbox (3.68987pt too wide) in paragraph at lines 113--113
\T1/lmr/m/n/10.95 KT/$\OML/lmm/m/it/10.95 "[]$| 
 []


Underfull \hbox (badness 10000) in paragraph at lines 113--113
\T1/lmr/m/n/10.95 (por vis-
 []


Underfull \hbox (badness 4391) in paragraph at lines 113--113
\T1/lmr/m/n/10.95 co-si-dad y
 []


Underfull \hbox (badness 10000) in paragraph at lines 113--113
\T1/lmr/m/n/10.95 con-duc-
 []


Underfull \hbox (badness 10000) in paragraph at lines 113--113
\T1/lmr/m/n/10.95 ti-vi-dad
 []


Underfull \hbox (badness 2846) in paragraph at lines 113--114
[]|$\OT1/lmr/m/n/10.95 
[]$ \T1/lmr/m/n/10.95 (por
 []

[21

]) [22])) (./Capitulo2/capitulo2.tex (./Capitulo2/capitulo2-pt-1.tex
 2.
<./Capitulo2/Imagenes/fig-2-1.png, id=391, 404.712pt x 213.79875pt>
File: ./Capitulo2/Imagenes/fig-2-1.png Graphic file (type png)
<use ./Capitulo2/Imagenes/fig-2-1.png>
Package pdftex.def Info: ./Capitulo2/Imagenes/fig-2-1.png  used on input line 1
5.
(pdftex.def)             Requested size: 202.3555pt x 106.89911pt.
[23

 <./Capitulo2/Imagenes/fig-2-1.png>]
<./Capitulo2/Imagenes/fig-2-2.PNG, id=410, 569.12625pt x 569.12625pt>
File: ./Capitulo2/Imagenes/fig-2-2.PNG Graphic file (type png)
<use ./Capitulo2/Imagenes/fig-2-2.PNG>
Package pdftex.def Info: ./Capitulo2/Imagenes/fig-2-2.PNG  used on input line 1
04.
(pdftex.def)             Requested size: 113.82323pt x 113.82323pt.
 [24]
<./Capitulo2/Imagenes/fig-2-3.PNG, id=423, 569.12625pt x 569.12625pt>
File: ./Capitulo2/Imagenes/fig-2-3.PNG Graphic file (type png)
<use ./Capitulo2/Imagenes/fig-2-3.PNG>
Package pdftex.def Info: ./Capitulo2/Imagenes/fig-2-3.PNG  used on input line 1
12.
(pdftex.def)             Requested size: 113.82323pt x 113.82323pt.
 [25 <./Capitulo2/Imagenes/fig-2-2.PNG> <./Capitulo2/Imagenes/fig-2-3.PNG>]

LaTeX Warning: Command \textbullet invalid in math mode on input line 141.


LaTeX Warning: Command \textbullet invalid in math mode on input line 141.


LaTeX Warning: Command \textbullet invalid in math mode on input line 141.


LaTeX Warning: Command \textbullet invalid in math mode on input line 141.


Package hyperref Warning: Token not allowed in a PDF string (Unicode):
(hyperref)                removing `math shift' on input line 163.


Package hyperref Warning: Token not allowed in a PDF string (Unicode):
(hyperref)                removing `math shift' on input line 163.


Package hyperref Warning: Token not allowed in a PDF string (Unicode):
(hyperref)                removing `math shift' on input line 163.


Package hyperref Warning: Token not allowed in a PDF string (Unicode):
(hyperref)                removing `math shift' on input line 163.

<./Capitulo2/Imagenes/fig-2-4.PNG, id=437, 569.12625pt x 569.12625pt>
File: ./Capitulo2/Imagenes/fig-2-4.PNG Graphic file (type png)
<use ./Capitulo2/Imagenes/fig-2-4.PNG>
Package pdftex.def Info: ./Capitulo2/Imagenes/fig-2-4.PNG  used on input line 1
67.
(pdftex.def)             Requested size: 113.82323pt x 113.82323pt.
[26] [27 <./Capitulo2/Imagenes/fig-2-4.PNG>] [28] [29]
<./Capitulo2/Imagenes/fig-2-5.PNG, id=490, 569.12625pt x 569.12625pt>
File: ./Capitulo2/Imagenes/fig-2-5.PNG Graphic file (type png)
<use ./Capitulo2/Imagenes/fig-2-5.PNG>
Package pdftex.def Info: ./Capitulo2/Imagenes/fig-2-5.PNG  used on input line 3
11.
(pdftex.def)             Requested size: 170.73918pt x 170.73918pt.
 [30
pdfTeX warning (ext4): destination with the same identifier (name{equation.2.2.
32}) has been already used, duplicate ignored
<argument> ...shipout:D \box_use:N \l_shipout_box 
                                                  \__shipout_drop_firstpage_...
l.332  \end{equation}
                      <./Capitulo2/Imagenes/fig-2-5.PNG>]
<./Capitulo2/Imagenes/fig-2-6.PNG, id=499, 569.12625pt x 569.12625pt>
File: ./Capitulo2/Imagenes/fig-2-6.PNG Graphic file (type png)
<use ./Capitulo2/Imagenes/fig-2-6.PNG>
Package pdftex.def Info: ./Capitulo2/Imagenes/fig-2-6.PNG  used on input line 3
38.
(pdftex.def)             Requested size: 113.82323pt x 113.82323pt.
<./Capitulo2/Imagenes/fig-2-7.PNG, id=501, 569.12625pt x 569.12625pt>
File: ./Capitulo2/Imagenes/fig-2-7.PNG Graphic file (type png)
<use ./Capitulo2/Imagenes/fig-2-7.PNG>
Package pdftex.def Info: ./Capitulo2/Imagenes/fig-2-7.PNG  used on input line 3
56.
(pdftex.def)             Requested size: 113.82323pt x 113.82323pt.

Underfull \vbox (badness 10000) has occurred while \output is active []

 [31
pdfTeX warning (ext4): destination with the same identifier (name{equation.2.2.
32}) has been already used, duplicate ignored
<argument> ...shipout:D \box_use:N \l_shipout_box 
                                                  \__shipout_drop_firstpage_...
l.359 
       <./Capitulo2/Imagenes/fig-2-6.PNG>] [32 <./Capitulo2/Imagenes/fig-2-7.PN
G>] [33]
<./Capitulo2/Imagenes/fig-2-8.PNG, id=541, 569.12625pt x 146.79843pt>
File: ./Capitulo2/Imagenes/fig-2-8.PNG Graphic file (type png)
<use ./Capitulo2/Imagenes/fig-2-8.PNG>
Package pdftex.def Info: ./Capitulo2/Imagenes/fig-2-8.PNG  used on input line 4
68.
(pdftex.def)             Requested size: 227.64647pt x 58.71832pt.
 [34
pdfTeX warning (ext4): destination with the same identifier (name{equation.2.2.
47}) has been already used, duplicate ignored
<argument> ...shipout:D \box_use:N \l_shipout_box 
                                                  \__shipout_drop_firstpage_...
l.490 C
       omo $v_{\text{mx}} = \frac{\Delta P R^2}{2 \mu L}$, entonces $v_z (...
 <./Capitulo2/Imagenes/fig-2-8.PNG>])
(./Capitulo2/balances_diferenciales_pt_2.tex
<Capitulo2/Imagenes/Fig_2.9.png, id=558, 250.9375pt x 260.975pt>
File: Capitulo2/Imagenes/Fig_2.9.png Graphic file (type png)
<use Capitulo2/Imagenes/Fig_2.9.png>
Package pdftex.def Info: Capitulo2/Imagenes/Fig_2.9.png  used on input line 6.
(pdftex.def)             Requested size: 154.78358pt x 160.9825pt.


Package caption Warning: The option `hypcap=true' will be ignored for this
(caption)                particular \caption on input line 7.
See the caption package documentation for explanation.

[35 <./Capitulo2/Imagenes/Fig_2.9.png>] [36]
<Capitulo2/Imagenes/Fig_2.10.png, id=588, 822.07124pt x 387.4475pt>
File: Capitulo2/Imagenes/Fig_2.10.png Graphic file (type png)
<use Capitulo2/Imagenes/Fig_2.10.png>
Package pdftex.def Info: Capitulo2/Imagenes/Fig_2.10.png  used on input line 90
.
(pdftex.def)             Requested size: 386.95749pt x 182.3723pt.
 [37 <./Capitulo2/Imagenes/Fig_2.10.png>]
<Capitulo2/Imagenes/Imagen_11_cap_2.png, id=603, 444.4605pt x 277.911pt>
File: Capitulo2/Imagenes/Imagen_11_cap_2.png Graphic file (type png)
<use Capitulo2/Imagenes/Imagen_11_cap_2.png>
Package pdftex.def Info: Capitulo2/Imagenes/Imagen_11_cap_2.png  used on input 
line 153.
(pdftex.def)             Requested size: 386.95749pt x 241.9672pt.
 [38]
<Capitulo2/Imagenes/Fig_2.12.png, id=618, 1164.35pt x 742.775pt>
File: Capitulo2/Imagenes/Fig_2.12.png Graphic file (type png)
<use Capitulo2/Imagenes/Fig_2.12.png>
Package pdftex.def Info: Capitulo2/Imagenes/Fig_2.12.png  used on input line 17
4.
(pdftex.def)             Requested size: 386.95749pt x 246.85057pt.
 [39 <./Capitulo2/Imagenes/Imagen_11_cap_2.png>] [40 <./Capitulo2/Imagenes/Fig_
2.12.png>] [41] [42] [43]
<Capitulo2/Imagenes/Fig_2.13.png, id=683, 582.175pt x 563.10374pt>
File: Capitulo2/Imagenes/Fig_2.13.png Graphic file (type png)
<use Capitulo2/Imagenes/Fig_2.13.png>
Package pdftex.def Info: Capitulo2/Imagenes/Fig_2.13.png  used on input line 39
1.
(pdftex.def)             Requested size: 270.86905pt x 261.9952pt.
 [44] [45 <./Capitulo2/Imagenes/Fig_2.13.png>]
<Capitulo2/Imagenes/Fig_A.1.png, id=702, 1138.2525pt x 841.1425pt>
File: Capitulo2/Imagenes/Fig_A.1.png Graphic file (type png)
<use Capitulo2/Imagenes/Fig_A.1.png>
Package pdftex.def Info: Capitulo2/Imagenes/Fig_A.1.png  used on input line 414
.
(pdftex.def)             Requested size: 193.47874pt x 142.96666pt.
 [46 <./Capitulo2/Imagenes/Fig_A.1.png>] [47]
<Capitulo2/Fig_A2.png, id=717, 690.58pt x 564.1075pt>
File: Capitulo2/Fig_A2.png Graphic file (type png)
<use Capitulo2/Fig_A2.png>
Package pdftex.def Info: Capitulo2/Fig_A2.png  used on input line 519.
(pdftex.def)             Requested size: 193.47874pt x 158.0437pt.
 [48])
(./Capitulo2/tarea2-6.tex [49 <./Capitulo2/Fig_A2.png>]
<./Capitulo2/Imagenes/imagen-1.jpg, id=728, 1041.8925pt x 1482.53876pt>
File: ./Capitulo2/Imagenes/imagen-1.jpg Graphic file (type jpg)
<use ./Capitulo2/Imagenes/imagen-1.jpg>
Package pdftex.def Info: ./Capitulo2/Imagenes/imagen-1.jpg  used on input line 
7.
(pdftex.def)             Requested size: 116.08842pt x 165.18358pt.
<./Capitulo2/Imagenes/imagen-2.jpg, id=729, 1492.57625pt x 924.45375pt>
File: ./Capitulo2/Imagenes/imagen-2.jpg Graphic file (type jpg)
<use ./Capitulo2/Imagenes/imagen-2.jpg>
Package pdftex.def Info: ./Capitulo2/Imagenes/imagen-2.jpg  used on input line 
22.
(pdftex.def)             Requested size: 154.78062pt x 95.86444pt.
<./Capitulo2/Imagenes/imagen-3.jpg, id=730, 1492.57625pt x 1142.2675pt>
File: ./Capitulo2/Imagenes/imagen-3.jpg Graphic file (type jpg)
<use ./Capitulo2/Imagenes/imagen-3.jpg>
Package pdftex.def Info: ./Capitulo2/Imagenes/imagen-3.jpg  used on input line 
40.
(pdftex.def)             Requested size: 154.78062pt x 118.4514pt.

Underfull \vbox (badness 10000) has occurred while \output is active []

 [50 <./Capitulo2/Imagenes/imagen-1.jpg> <./Capitulo2/Imagenes/imagen-2.jpg>] [
51 <./Capitulo2/Imagenes/imagen-3.jpg>]
<./Capitulo2/Imagenes/imagen-4.jpg, id=742, 1495.5875pt x 1056.94875pt>
File: ./Capitulo2/Imagenes/imagen-4.jpg Graphic file (type jpg)
<use ./Capitulo2/Imagenes/imagen-4.jpg>
Package pdftex.def Info: ./Capitulo2/Imagenes/imagen-4.jpg  used on input line 
93.
(pdftex.def)             Requested size: 193.47874pt x 136.73079pt.
 [52 <./Capitulo2/Imagenes/imagen-4.jpg>]
<./Capitulo2/Imagenes/imagen-6.jpg, id=748, 1492.57625pt x 1086.0575pt>
File: ./Capitulo2/Imagenes/imagen-6.jpg Graphic file (type jpg)
<use ./Capitulo2/Imagenes/imagen-6.jpg>
Package pdftex.def Info: ./Capitulo2/Imagenes/imagen-6.jpg  used on input line 
133.
(pdftex.def)             Requested size: 174.12968pt x 126.69203pt.
 [53 <./Capitulo2/Imagenes/imagen-6.jpg>]
<./Capitulo2/Imagenes/imagen-8.jpg, id=753, 1495.5875pt x 1056.94875pt>
File: ./Capitulo2/Imagenes/imagen-8.jpg Graphic file (type jpg)
<use ./Capitulo2/Imagenes/imagen-8.jpg>
Package pdftex.def Info: ./Capitulo2/Imagenes/imagen-8.jpg  used on input line 
178.
(pdftex.def)             Requested size: 193.47874pt x 136.73079pt.


LaTeX Warning: `h' float specifier changed to `ht'.

[54]
Overfull \hbox (131.03032pt too wide) detected at line 207
 $\OML/lmm/m/it/10.95 x \OT1/lmr/m/n/10.95 = 1 \OMS/lmsy/m/n/10.95 ^^@ []\OT1/l
mr/m/n/10.95 (1 \OMS/lmsy/m/n/10.95 ^^@ \OML/lmm/m/it/10.95 ^^X[]\OT1/lmr/m/n/1
0.95 ) + []\OML/lmm/m/it/10.95 ^^X[]\OT1/lmr/m/n/10.95 ([] \OMS/lmsy/m/n/10.95 
^^@ \OT1/lmr/m/n/10.95 1) \OML/lmm/m/it/10.95 donde ^^X[] [] ^^X[] \OMS/lmsy/m/
n/10.95 ^^@ []\OML/lmm/m/it/10.95 ^^X[] \OT1/lmr/m/n/10.95 + ([] \OMS/lmsy/m/n/
10.95 ^^@ []\OT1/lmr/m/n/10.95 ) = 0$ 
 []

[55 <./Capitulo2/Imagenes/imagen-8.jpg>]
<./Capitulo2/Imagenes/imagen-7.jpg, id=764, 1492.57625pt x 887.315pt>
File: ./Capitulo2/Imagenes/imagen-7.jpg Graphic file (type jpg)
<use ./Capitulo2/Imagenes/imagen-7.jpg>
Package pdftex.def Info: ./Capitulo2/Imagenes/imagen-7.jpg  used on input line 
213.
(pdftex.def)             Requested size: 154.78062pt x 92.01321pt.
 [56 <./Capitulo2/Imagenes/imagen-7.jpg>] [57]
<./Capitulo2/Imagenes/imagen-5.jpg, id=775, 1492.57625pt x 930.47626pt>
File: ./Capitulo2/Imagenes/imagen-5.jpg Graphic file (type jpg)
<use ./Capitulo2/Imagenes/imagen-5.jpg>
Package pdftex.def Info: ./Capitulo2/Imagenes/imagen-5.jpg  used on input line 
278.
(pdftex.def)             Requested size: 154.78062pt x 96.48897pt.
)) (./Capitulo3/capitulo3.tex [58 <./Capitulo2/Imagenes/imagen-5.jpg>]
 3.
[59

]
LaTeX Font Info:    External font `lmex10' loaded for size
(Font)              <14.4> on input line 70.
LaTeX Font Info:    External font `lmex10' loaded for size
(Font)              <10> on input line 70.
LaTeX Font Info:    External font `lmex10' loaded for size
(Font)              <7> on input line 70.


Package hyperref Warning: Token not allowed in a PDF string (Unicode):
(hyperref)                removing `math shift' on input line 70.


Package hyperref Warning: Token not allowed in a PDF string (Unicode):
(hyperref)                removing `superscript' on input line 70.


Package hyperref Warning: Token not allowed in a PDF string (Unicode):
(hyperref)                removing `math shift' on input line 70.


Underfull \vbox (badness 4181) has occurred while \output is active []

 [60]
<Capitulo3/Imagenes/Fig_3.8.png, id=808, 842.14626pt x 251.94125pt>
File: Capitulo3/Imagenes/Fig_3.8.png Graphic file (type png)
<use Capitulo3/Imagenes/Fig_3.8.png>
Package pdftex.def Info: Capitulo3/Imagenes/Fig_3.8.png  used on input line 83.

(pdftex.def)             Requested size: 386.95749pt x 115.76367pt.

[61 <./Capitulo3/Imagenes/Fig_3.8.png>]
pdfTeX warning (ext4): destination with the same identifier (name{equation.3.7.
8}) has been already used, duplicate ignored
<to be read again> 
                   \relax 
l.98 \begin{equation}
                      [62
pdfTeX warning (ext4): destination with the same identifier (name{equation.3.7.
9}) has been already used, duplicate ignored
<argument> ...shipout:D \box_use:N \l_shipout_box 
                                                  \__shipout_drop_firstpage_...
l.161 \begin{equation}
                      
pdfTeX warning (ext4): destination with the same identifier (name{equation.3.7.
12}) has been already used, duplicate ignored
<argument> ...shipout:D \box_use:N \l_shipout_box 
                                                  \__shipout_drop_firstpage_...
l.161 \begin{equation}
                      ]
<Capitulo3/Imagenes/Fig_3.9.png, id=829, 1016.79875pt x 305.14pt>
File: Capitulo3/Imagenes/Fig_3.9.png Graphic file (type png)
<use Capitulo3/Imagenes/Fig_3.9.png>
Package pdftex.def Info: Capitulo3/Imagenes/Fig_3.9.png  used on input line 179
.
(pdftex.def)             Requested size: 386.95749pt x 116.12666pt.
 [63 <./Capitulo3/Imagenes/Fig_3.9.png>] [64]
Overfull \hbox (19.07361pt too wide) detected at line 256
 $\OML/lmm/m/it/10.95 n[] \OT1/lmr/m/n/10.95 = 0\OML/lmm/m/it/10.95 :\OT1/lmr/m
/n/10.95 332\OML/lmm/m/it/10.95 Sc[][]^^Zv[][] \OT1/lmr/m/n/10.95 = (0\OML/lmm/
m/it/10.95 :\OT1/lmr/m/n/10.95 332)(0\OML/lmm/m/it/10.95 :\OT1/lmr/m/n/10.95 6)
[][][]$ 
 []

[65
pdfTeX warning (ext4): destination with the same identifier (name{equation.3.7.
25}) has been already used, duplicate ignored
<argument> ...shipout:D \box_use:N \l_shipout_box 
                                                  \__shipout_drop_firstpage_...
l.282 \end{equation*}
                     ]
pdfTeX warning (ext4): destination with the same identifier (name{equation.3.7.
25}) has been already used, duplicate ignored
<to be read again> 
                   \relax 
l.284 \begin{equation}
                      
<Capitulo3/Imagenes/Fig_A.1.png, id=863, 1015.795pt x 293.095pt>
File: Capitulo3/Imagenes/Fig_A.1.png Graphic file (type png)
<use Capitulo3/Imagenes/Fig_A.1.png>
Package pdftex.def Info: Capitulo3/Imagenes/Fig_A.1.png  used on input line 300
.
(pdftex.def)             Requested size: 386.95749pt x 111.65005pt.
 [66 <./Capitulo3/Imagenes/Fig_A.1.png>]) [67]
(./transferencia-de-masa.aux
LaTeX Info: Redefining \. on input line 18.
LaTeX Info: Redefining \% on input line 18.
)
Package rerunfilecheck Info: File `transferencia-de-masa.out' has not changed.
(rerunfilecheck)             Checksum: 89A27587DF6F9DDA276A064EBE3123B8;8848.
 ) 
Here is how much of TeX's memory you used:
 15393 strings out of 477916
 250392 string characters out of 5837423
 1948330 words of memory out of 5000000
 34914 multiletter control sequences out of 15000+600000
 628192 words of font info for 114 fonts, out of 8000000 for 9000
 85 hyphenation exceptions out of 8191
 75i,14n,76p,797b,718s stack positions out of 10000i,1000n,20000p,200000b,200000s
{/usr/share/texmf/fonts/enc/dvips/lm/lm-rm.enc}{/usr/share/texmf/fonts/enc/dv
ips/lm/lm-mathit.enc}{/usr/share/texmf/fonts/enc/dvips/lm/lm-ec.enc}{/usr/share
/texmf/fonts/enc/dvips/lm/lm-ts1.enc}{/usr/share/texmf/fonts/enc/dvips/lm/lm-ma
thsy.enc}{/usr/share/texmf/fonts/enc/dvips/lm/lm-mathex.enc}</usr/share/texmf/f
onts/type1/public/lm/lmbx10.pfb></usr/share/texmf/fonts/type1/public/lm/lmbx12.
pfb></usr/share/texmf/fonts/type1/public/lm/lmbx9.pfb></usr/share/texmf/fonts/t
ype1/public/lm/lmcsc10.pfb></usr/share/texmf/fonts/type1/public/lm/lmex10.pfb><
/usr/share/texmf/fonts/type1/public/lm/lmmi10.pfb></usr/share/texmf/fonts/type1
/public/lm/lmmi12.pfb></usr/share/texmf/fonts/type1/public/lm/lmmi6.pfb></usr/s
hare/texmf/fonts/type1/public/lm/lmmi8.pfb></usr/share/texmf/fonts/type1/public
/lm/lmmi9.pfb></usr/share/texmf/fonts/type1/public/lm/lmr10.pfb></usr/share/tex
mf/fonts/type1/public/lm/lmr12.pfb></usr/share/texmf/fonts/type1/public/lm/lmr1
7.pfb></usr/share/texmf/fonts/type1/public/lm/lmr6.pfb></usr/share/texmf/fonts/
type1/public/lm/lmr8.pfb></usr/share/texmf/fonts/type1/public/lm/lmr9.pfb></usr
/share/texmf/fonts/type1/public/lm/lmri10.pfb></usr/share/texmf/fonts/type1/pub
lic/lm/lmri9.pfb></usr/share/texmf/fonts/type1/public/lm/lmro10.pfb></usr/share
/texmf/fonts/type1/public/lm/lmsy10.pfb></usr/share/texmf/fonts/type1/public/lm
/lmsy6.pfb></usr/share/texmf/fonts/type1/public/lm/lmsy8.pfb></usr/share/texliv
e/texmf-dist/fonts/type1/public/rsfs/rsfs10.pfb></usr/share/texlive/texmf-dist/
fonts/type1/public/rsfs/rsfs5.pfb>
Output written on transferencia-de-masa.pdf (71 pages, 2353797 bytes).
PDF statistics:
 1062 PDF objects out of 1200 (max. 8388607)
 878 compressed objects within 9 object streams
 300 named destinations out of 1000 (max. 500000)
 413 words of extra memory for PDF output out of 10000 (max. 10000000)

